Database connection failed: (pyodbc.OperationalError) ('HYT00', '[HYT00] [Microsoft][ODBC Driver 17 for SQL Server]Login timeout expired (0) (SQLDriverConnect)')
(Background on this error at: https://sqlalche.me/e/20/e3q8)
Database connection failed: (pyodbc.OperationalError) ('HYT00', '[HYT00] [Microsoft][ODBC Driver 17 for SQL Server]Login timeout expired (0) (SQLDriverConnect)')
(Background on this error at: https://sqlalche.me/e/20/e3q8)
Database connection failed: (pyodbc.OperationalError) ('HYT00', '[HYT00] [Microsoft][ODBC Driver 17 for SQL Server]Login timeout expired (0) (SQLDriverConnect)')
(Background on this error at: https://sqlalche.me/e/20/e3q8)
Database connection failed: (pyodbc.OperationalError) ('HYT00', '[HYT00] [Microsoft][ODBC Driver 17 for SQL Server]Login timeout expired (0) (SQLDriverConnect)')
(Background on this error at: https://sqlalche.me/e/20/e3q8)
Database connection failed: (pyodbc.OperationalError) ('HYT00', '[HYT00] [Microsoft][ODBC Driver 17 for SQL Server]Login timeout expired (0) (SQLDriverConnect)')
(Background on this error at: https://sqlalche.me/e/20/e3q8)
Database connection failed: (pyodbc.OperationalError) ('HYT00', '[HYT00] [Microsoft][ODBC Driver 17 for SQL Server]Login timeout expired (0) (SQLDriverConnect)')
(Background on this error at: https://sqlalche.me/e/20/e3q8)
Failed to import blueprints: cannot import name 'kpi_bp' from partially initialized module 'routes.kpi_routes' (most likely due to a circular import) (C:\Users\ASM\Desktop\Updated NFM\Kpi_Final_Version-main - Copy\hercules-backend\routes\kpi_routes.py)
Failed to import blueprints: cannot import name 'kpi_bp' from partially initialized module 'routes.kpi_routes' (most likely due to a circular import) (C:\Users\ASM\Desktop\Updated NFM\Kpi_Final_Version-main - Copy\hercules-backend\routes\kpi_routes.py)
Failed to import blueprints: cannot import name 'kpi_bp' from partially initialized module 'routes.kpi_routes' (most likely due to a circular import) (C:\Users\ASM\Desktop\Updated NFM\Kpi_Final_Version-main - Copy\hercules-backend\routes\kpi_routes.py)
Failed to import blueprints: cannot import name 'kpi_bp' from partially initialized module 'routes.kpi_routes' (most likely due to a circular import) (C:\Users\ASM\Desktop\Updated NFM\Kpi_Final_Version-main - Copy\hercules-backend\routes\kpi_routes.py)
Failed to import blueprints: cannot import name 'kpi_bp' from partially initialized module 'routes.kpi_routes' (most likely due to a circular import) (C:\Users\ASM\Desktop\Updated NFM\Kpi_Final_Version-main - Copy\hercules-backend\routes\kpi_routes.py)
Failed to import blueprints: cannot import name 'kpi_bp' from partially initialized module 'routes.kpi_routes' (most likely due to a circular import) (C:\Users\ASM\Desktop\Updated NFM\Kpi_Final_Version-main - Copy\hercules-backend\routes\kpi_routes.py)
Failed to import blueprints: cannot import name 'kpi_bp' from partially initialized module 'routes.kpi_routes' (most likely due to a circular import) (C:\Users\ASM\Desktop\Updated NFM\Kpi_Final_Version-main - Copy\hercules-backend\routes\kpi_routes.py)
Error registering blueprints: name 'cache' is not defined
Failed to import blueprints: cannot import name 'kpi_bp' from partially initialized module 'routes.kpi_routes' (most likely due to a circular import) (C:\Users\ASM\Desktop\Updated NFM\Kpi_Final_Version-main - Copy\hercules-backend\routes\kpi_routes.py)
Failed to import blueprints: cannot import name 'kpi_bp' from partially initialized module 'routes.kpi_routes' (most likely due to a circular import) (C:\Users\ASM\Desktop\Updated NFM\Kpi_Final_Version-main - Copy\hercules-backend\routes\kpi_routes.py)
Failed to import blueprints: cannot import name 'kpi_bp' from partially initialized module 'routes.kpi_routes' (most likely due to a circular import) (C:\Users\ASM\Desktop\Updated NFM\Kpi_Final_Version-main - Copy\hercules-backend\routes\kpi_routes.py)
Failed to import blueprints: cannot import name 'kpi_bp' from partially initialized module 'routes.kpi_routes' (most likely due to a circular import) (C:\Users\ASM\Desktop\Updated NFM\Kpi_Final_Version-main - Copy\hercules-backend\routes\kpi_routes.py)
Failed to import blueprints: cannot import name 'kpi_bp' from partially initialized module 'routes.kpi_routes' (most likely due to a circular import) (C:\Users\ASM\Desktop\Updated NFM\Kpi_Final_Version-main - Copy\hercules-backend\routes\kpi_routes.py)
Failed to import blueprints: cannot import name 'kpi_bp' from partially initialized module 'routes.kpi_routes' (most likely due to a circular import) (C:\Users\ASM\Desktop\Updated NFM\Kpi_Final_Version-main - Copy\hercules-backend\routes\kpi_routes.py)
Failed to import blueprints: cannot import name 'kpi_bp' from partially initialized module 'routes.kpi_routes' (most likely due to a circular import) (C:\Users\ASM\Desktop\Updated NFM\Kpi_Final_Version-main - Copy\hercules-backend\routes\kpi_routes.py)
Database connection failed: (pyodbc.Error) ('01000', "[01000] [unixODBC][Driver Manager]Can't open lib 'ODBC Driver 17 for SQL Server' : file not found (0) (SQLDriverConnect)")
(Background on this error at: https://sqlalche.me/e/20/dbapi)
Database connection failed: Either 'SQLALCHEMY_DATABASE_URI' or 'SQLALCHEMY_BINDS' must be set.
Database connection failed: (pyodbc.Error) ('01000', "[01000] [unixODBC][Driver Manager]Can't open lib 'ODBC Driver 17 for SQL Server' : file not found (0) (SQLDriverConnect)")
(Background on this error at: https://sqlalche.me/e/20/dbapi)
Database connection failed: Either 'SQLALCHEMY_DATABASE_URI' or 'SQLALCHEMY_BINDS' must be set.
Failed to start application: cannot import name 'EVENT_TYPE_CLOSED' from 'watchdog.events' (/opt/anaconda3/lib/python3.8/site-packages/watchdog/events.py)
Failed to start application: cannot import name 'EVENT_TYPE_CLOSED' from 'watchdog.events' (/opt/anaconda3/lib/python3.8/site-packages/watchdog/events.py)
Error registering blueprints: unexpected indent (kpi_material.py, line 54)
